<?xml version="1.0" encoding="UTF-8"?>
<testsuite xmlns:xsi="http://www.w3.org/2001/XMLSchema-instance" xsi:noNamespaceSchemaLocation="https://maven.apache.org/surefire/maven-surefire-plugin/xsd/surefire-test-report.xsd" name="TestSuite" time="23.869" tests="2" errors="0" skipped="0" failures="1">
  <properties>
[...]
</properties>
  <testcase name="demoTesttwo" classname="Demo.Test.test1" time="5.631"/>
  <testcase name="demoTest" classname="Demo.Test.test" time="8.187">
    <failure message="Submit Message does not match! expected [Thank you! We will get back soon.] but found []" type="java.lang.AssertionError">java.lang.AssertionError: Submit Message does not match! expected [Thank you! We will get back soon.] but found []
	at Demo.Test.test.demoTest(test.java:54)
</failure>
    <system-err><![CDATA[Dec 12, 2024 9:55:02 AM org.openqa.selenium.manager.SeleniumManager lambda$runCommand$1
INFO: Driver path: C:\Users\Testriq_22\.cache\selenium\chromedriver\win64\131.0.6778.108\chromedriver.exe
Dec 12, 2024 9:55:02 AM org.openqa.selenium.manager.SeleniumManager lambda$runCommand$1
INFO: Browser path: C:\Program Files\Google\Chrome\Application\chrome.exe
Dec 12, 2024 9:55:02 AM org.openqa.selenium.devtools.CdpVersionFinder findNearestMatch
WARNING: Unable to find CDP implementation matching 131
Dec 12, 2024 9:55:02 AM org.openqa.selenium.chromium.ChromiumDriver lambda$new$5
WARNING: Unable to find version of CDP to use for 131.0.6778.109. You may need to include a dependency on a specific version of the CDP using something similar to `org.seleniumhq.selenium:selenium-devtools-v86:4.12.0` where the version ("v86") matches the version of the chromium-based browser you're using and the version number of the artifact is the same as Selenium's.
]]></system-err>
  </testcase>
</testsuite>