-------------------------------------------------------------------------------
Test set: TestSuite
-------------------------------------------------------------------------------
Tests run: 2, Failures: 1, Errors: 0, Skipped: 0, Time elapsed: 23.869 s <<< FAILURE! - in TestSuite
demoTest(Demo.Test.test)  Time elapsed: 8.187 s  <<< FAILURE!
java.lang.AssertionError: Submit Message does not match! expected [Thank you! We will get back soon.] but found []
	at Demo.Test.test.demoTest(test.java:54)

