<?xml version="1.0" encoding="UTF-8"?>
<testng-results ignored="0" total="1" passed="1" failed="0" skipped="0">
  <reporter-output>
  </reporter-output>
  <suite started-at="2024-12-12T09:59:10 IST" name="Default suite" finished-at="2024-12-12T09:59:20 IST" duration-ms="9812">
    <groups>
    </groups>
    <test started-at="2024-12-12T09:59:10 IST" name="Default test" finished-at="2024-12-12T09:59:20 IST" duration-ms="9812">
      <class name="Demo.Test.test">
        <test-method is-config="true" signature="setup()[pri:0, instance:Demo.Test.test@692f203f]" started-at="2024-12-12T09:59:11 IST" name="setup" finished-at="2024-12-12T09:59:14 IST" duration-ms="2994" status="PASS">
          <reporter-output>
          </reporter-output>
        </test-method> <!-- setup -->
        <test-method signature="demoTest()[pri:0, instance:Demo.Test.test@692f203f]" started-at="2024-12-12T09:59:14 IST" name="demoTest" finished-at="2024-12-12T09:59:20 IST" duration-ms="6794" status="PASS">
          <reporter-output>
          </reporter-output>
        </test-method> <!-- demoTest -->
      </class> <!-- Demo.Test.test -->
    </test> <!-- Default test -->
  </suite> <!-- Default suite -->
</testng-results>
