<?xml version="1.0" encoding="UTF-8"?>
<testng-results ignored="0" total="1" passed="1" failed="0" skipped="0">
  <reporter-output>
  </reporter-output>
  <suite started-at="2024-11-11T10:09:02 IST" name="Default suite" finished-at="2024-11-11T10:09:12 IST" duration-ms="10278">
    <groups>
    </groups>
    <test started-at="2024-11-11T10:09:02 IST" name="Default test" finished-at="2024-11-11T10:09:12 IST" duration-ms="10278">
      <class name="Demo.Test.test">
        <test-method is-config="true" signature="setup()[pri:0, instance:Demo.Test.test@692f203f]" started-at="2024-11-11T10:09:02 IST" name="setup" finished-at="2024-11-11T10:09:05 IST" duration-ms="3120" status="PASS">
          <reporter-output>
          </reporter-output>
        </test-method> <!-- setup -->
        <test-method signature="demoTest()[pri:0, instance:Demo.Test.test@692f203f]" started-at="2024-11-11T10:09:05 IST" name="demoTest" finished-at="2024-11-11T10:09:12 IST" duration-ms="7132" status="PASS">
          <reporter-output>
          </reporter-output>
        </test-method> <!-- demoTest -->
      </class> <!-- Demo.Test.test -->
    </test> <!-- Default test -->
  </suite> <!-- Default suite -->
</testng-results>
